<?xml version="1.0" encoding="UTF-8"?>
<!-- Generated by org.testng.reporters.JUnitReportReporter -->
<testsuite hostname="monicas-MacBook-Pro.local" name="JavaTesting.AppTest" tests="1" failures="0" timestamp="19 Nov 2018 23:39:24 GMT" time="0.001" errors="0">
  <testcase name="shouldAnswerWithTrue" time="0.001" classname="JavaTesting.AppTest"/>
</testsuite> <!-- JavaTesting.AppTest -->
